23400401 212843298
31434934 637119462
42289088 28393045
13910102 940086920
14151255 416981787
31380772 316452159
27202261 317643658
3144906 998053948
25387531 736330058
27906342 513548008
32525142 147049613
1893485 801209975
2125180 940601033
1486557 1089766
44396871 139882063
34274363 909358223
17928303 732240652
12037418 724758758
37476719 100204287
41283508 986785089
16381365 363550189
39932626 48782414
14614203 384544075
42619551 736741395
30573668 132941372
20722240 85926685
33694611 115605172
44670657 332564870
26876013 566843182
38339020 963206872
