1 cousin
1 cousin removed 2
no relation
0 cousin removed 1
no relation
1 cousin removed 1
0 cousin removed 1
no relation
no relation
no relation
1 cousin
1 cousin
parent
no relation
1 cousin removed 3
1 cousin
no relation
1 cousin
2 cousin removed 1
0 cousin removed 2
no relation
1 cousin removed 1
3 cousin
0 cousin removed 4
no relation
no relation
3 cousin removed 1
1 cousin removed 1
3 cousin removed 1
no relation
0 cousin removed 2
child
no relation
2 cousin removed 1
no relation
2 cousin removed 2
no relation
1 cousin removed 3
2 cousin
2 cousin removed 2
2 cousin removed 2
sibling
parent
2 cousin removed 1
0 cousin removed 4
no relation
0 cousin removed 3
parent
0 cousin removed 2
0 cousin removed 2
0 cousin removed 1
2 cousin removed 1
no relation
no relation
no relation
no relation
